<?xml version="1.0" encoding="UTF-8"?>
<testsuite xmlns:xsi="http://www.w3.org/2001/XMLSchema-instance" xsi:noNamespaceSchemaLocation="https://maven.apache.org/surefire/maven-surefire-plugin/xsd/surefire-test-report.xsd" name="org.geico.rsa.RoadsideAssistanceServiceImplTest" time="0.19" tests="8" errors="0" skipped="0" failures="0">
  <properties>
[...]
</properties>
  <testcase name="releaseAssistantCustomerHasNoReservation" classname="org.geico.rsa.RoadsideAssistanceServiceImplTest" time="0.106"/>
  <testcase name="updateAssistantLocation" classname="org.geico.rsa.RoadsideAssistanceServiceImplTest" time="0"/>
  <testcase name="reserveAssistant_Success" classname="org.geico.rsa.RoadsideAssistanceServiceImplTest" time="0.016"/>
  <testcase name="releaseAssistantHasNoReservation" classname="org.geico.rsa.RoadsideAssistanceServiceImplTest" time="0.002"/>
  <testcase name="findNearestAssistantsWhenEmpty" classname="org.geico.rsa.RoadsideAssistanceServiceImplTest" time="0.002"/>
  <testcase name="findNearestAssistants_Limit5" classname="org.geico.rsa.RoadsideAssistanceServiceImplTest" time="0.001"/>
  <testcase name="releaseAssistant" classname="org.geico.rsa.RoadsideAssistanceServiceImplTest" time="0.002"/>
  <testcase name="reserveAssistantWhenNotAvailable" classname="org.geico.rsa.RoadsideAssistanceServiceImplTest" time="0.001"/>
</testsuite>